make all --print-data-base --no-builtin-variables --no-builtin-rules --question
# GNU Make 4.2.1
# Built for x86_64-pc-linux-gnu
# Copyright (C) 1988-2016 Free Software Foundation, Inc.
# License GPLv3+: GNU GPL version 3 or later <http://gnu.org/licenses/gpl.html>
# This is free software: you are free to change and redistribute it.
# There is NO WARRANTY, to the extent permitted by law.

# Make data base, printed on Tue Jul 26 10:49:33 2022

# Variables

# 'override' directive
GNUMAKEFLAGS := 
# automatic
<D = $(patsubst %/,%,$(dir $<))
# automatic
?F = $(notdir $?)
# environment
DESKTOP_SESSION = ubuntu
# default
.SHELLFLAGS := -c
# environment
XDG_SESSION_CLASS = user
# environment
SNAP_COMMON = /var/snap/code/common
# environment
XDG_SESSION_TYPE = x11
# automatic
?D = $(patsubst %/,%,$(dir $?))
# environment
IM_CONFIG_PHASE = 1
# automatic
@D = $(patsubst %/,%,$(dir $@))
# environment
XAUTHORITY = /run/user/1000/gdm/Xauthority
# environment
GDMSESSION = ubuntu
# environment
XMODIFIERS = @im=ibus
# makefile
CURDIR := /home/yosys/synthesis/SynViaSat
# makefile (from 'Makefile', line 6)
UTILFILES = util/utility.cpp utility.cpp
# makefile
SHELL = /bin/sh
# environment
SNAP_DATA = /var/snap/code/102
# environment
VSCODE_NLS_CONFIG = {"locale":"zh-cn","availableLanguages":{"*":"zh-cn"},"_languagePackId":"bbca1a7059cee8a1b93da8947fee1c4f.zh-cn","_translationsConfigFile":"/home/yosys/.config/Code/clp/bbca1a7059cee8a1b93da8947fee1c4f.zh-cn/tcf.json","_cacheRoot":"/home/yosys/.config/Code/clp/bbca1a7059cee8a1b93da8947fee1c4f.zh-cn","_resolvedLanguagePackCoreLocation":"/home/yosys/.config/Code/clp/bbca1a7059cee8a1b93da8947fee1c4f.zh-cn/3b889b090b5ad5793f524b5d1d39fda662b96a2a","_corruptedFile":"/home/yosys/.config/Code/clp/bbca1a7059cee8a1b93da8947fee1c4f.zh-cn/corrupted.info","_languagePackSupport":true}
# environment
JOURNAL_STREAM = 8:30468
# environment
XDG_CONFIG_DIRS = /etc/xdg/xdg-ubuntu:/etc/xdg
# environment
SNAP_INSTANCE_NAME = code
# environment
SNAP_ARCH = amd64
# makefile (from 'Makefile', line 1)
MAKEFILE_LIST :=  Makefile
# automatic
@F = $(notdir $@)
# environment
GIO_LAUNCHED_DESKTOP_FILE = /var/lib/snapd/desktop/applications/code_code.desktop
# environment
USERNAME = yosys
# environment
MAKELEVEL := 0
# environment
XDG_DATA_DIRS = /usr/share/ubuntu:/usr/local/share/:/usr/share/:/var/lib/snapd/desktop
# environment
DBUS_SESSION_BUS_ADDRESS = unix:path=/run/user/1000/bus
# environment
_ = /snap/code/102/usr/share/code/code
# environment
MANAGERPID = 955
# environment
LESSOPEN = | /usr/bin/lesspipe %s
# environment
LC_NAME = zh_CN.UTF-8
# environment
VSCODE_CWD = /home/yosys
# environment
GSETTINGS_SCHEMA_DIR = /snap/code/102/usr/share/glib-2.0/schemas
# environment
GDK_BACKEND = x11
# default
MAKE_HOST := x86_64-pc-linux-gnu
# environment
PATH = /usr/local/sbin:/usr/local/bin:/usr/sbin:/usr/bin:/sbin:/bin:/usr/games:/usr/local/games:/snap/bin
# environment
GPG_AGENT_INFO = /run/user/1000/gnupg/S.gpg-agent:0:1
# environment
SESSION_MANAGER = local/yosys-VirtualBox:@/tmp/.ICE-unix/1217,unix/yosys-VirtualBox:/tmp/.ICE-unix/1217
# environment
XDG_RUNTIME_DIR = /run/user/1000
# environment
GDK_PIXBUF_MODULE_FILE = /home/yosys/snap/code/common/.cache/gdk-pixbuf-loaders.cache
# environment
SNAP = /snap/code/102
# environment
SNAP_VERSION = 3b889b09
# environment
XDG_MENU_PREFIX = gnome-
# environment
DISABLE_WAYLAND = 1
# environment
ELECTRON_RUN_AS_NODE = 1
# environment
INVOCATION_ID = 80e81befb87c43bf83d8efedb38cc91d
# environment
GDK_PIXBUF_MODULEDIR = /snap/code/102/usr/lib/x86_64-linux-gnu/gdk-pixbuf-2.0/2.10.0/loaders
# default
.FEATURES := target-specific order-only second-expansion else-if shortest-stem undefine oneshell archives jobserver output-sync check-symlink load
# environment
LS_COLORS = 
# environment
XDG_SESSION_DESKTOP = ubuntu
# environment
SSH_AUTH_SOCK = /run/user/1000/keyring/ssh
# environment
GIO_LAUNCHED_DESKTOP_FILE_PID = 1877
# automatic
%F = $(notdir $%)
# environment
DISPLAY = :0
# environment
SNAP_INSTANCE_KEY = 
# environment
PWD = /home/yosys/synthesis/SynViaSat
# environment
FAKE_GITHUB_DIR = /home/yosys/shengping/fake_github
# default
.LOADED := 
# makefile (from 'Makefile', line 14)
BDD_LIB = deps/CUDD-install/lib/libcudd.a
# environment
SSH_AGENT_PID = 1178
# environment
ORIGINAL_XDG_CURRENT_DESKTOP = ubuntu:GNOME
# environment
GTK_MODULES = gail:atk-bridge
# environment
VSCODE_AMD_ENTRYPOINT = vs/workbench/api/node/extensionHostProcess
# environment
HOME = /home/yosys
# environment
LESSCLOSE = /usr/bin/lesspipe %s %s
# environment
VSCODE_CLI = 1
# environment
VSCODE_CODE_CACHE_PATH = /home/yosys/.config/Code/CachedData/3b889b090b5ad5793f524b5d1d39fda662b96a2a
# environment
LOGNAME = yosys
# environment
APPLICATION_INSIGHTS_NO_DIAGNOSTIC_CHANNEL = true
# environment
SNAP_LIBRARY_PATH = /var/lib/snapd/lib/gl:/var/lib/snapd/lib/gl32:/var/lib/snapd/void
# environment
SNAP_CONTEXT = beCXO_Tmn0tqDdV5m-z04V-3pMP9a0lxILXmVAQ7CjFkPzhGXCo4
# automatic
+F = $(notdir $+)
# environment
ELECTRON_NO_ATTACH_CONSOLE = 1
# environment
SNAP_USER_COMMON = /home/yosys/snap/code/common
# environment
VSCODE_HANDLES_UNCAUGHT_ERRORS = true
# environment
GNOME_DESKTOP_SESSION_ID = this-is-deprecated
# automatic
^D = $(patsubst %/,%,$(dir $^))
# environment
LC_TIME = zh_CN.UTF-8
# environment
SNAP_REAL_HOME = /home/yosys
# default
MAKE = $(MAKE_COMMAND)
# default
MAKECMDGOALS := all
# environment
QT_IM_MODULE = ibus
# environment
SNAP_USER_DATA = /home/yosys/snap/code/102
# environment
SHLVL = 0
# makefile (from 'Makefile', line 20)
CC = g++
# environment
GNOME_SHELL_SESSION_MODE = ubuntu
# default
MAKE_VERSION := 4.2.1
# environment
USER = yosys
# environment
SNAP_REVISION = 102
# environment
LC_MONETARY = zh_CN.UTF-8
# makefile
.DEFAULT_GOAL := ltlfsyn
# environment
XDG_CURRENT_DESKTOP = Unity
# automatic
%D = $(patsubst %/,%,$(dir $%))
# environment
LC_TELEPHONE = zh_CN.UTF-8
# makefile (from 'Makefile', line 4)
PARSERFILES = ltlparser/ltl_formula.c ltlparser/ltllexer.c ltlparser/ltlparser.c ltlparser/trans.c 
# makefile (from 'Makefile', line 12)
SYNTHESIS = synthesis.cpp formula_in_bdd.cpp
# default
MAKE_COMMAND := make
# default
.VARIABLES := 
# automatic
*F = $(notdir $*)
# environment
VSCODE_IPC_HOOK = /run/user/1000/vscode-342b3bfa-1.69.2-main.sock
# environment
BAMF_DESKTOP_FILE_HINT = /var/lib/snapd/desktop/applications/code_code.desktop
# makefile
MAKEFLAGS = pqrR
# environment
MFLAGS = -pqrR
# automatic
*D = $(patsubst %/,%,$(dir $*))
# automatic
+D = $(patsubst %/,%,$(dir $+))
# makefile (from 'Makefile', line 17)
ALLFILES = main.cpp $(CHECKING) $(SOLVER) $(FORMULAFILES) $(PARSERFILES) $(UTILFILES) $(SYNTHESIS) $(BDD_LIB) 
# environment
ARTIFITIAL_GIT_DIR = /home/yosys/shengping/artifitial_git
# environment
LC_PAPER = zh_CN.UTF-8
# makefile (from 'Makefile', line 2)
FORMULAFILES = formula/aalta_formula.cpp formula/olg_formula.cpp formula/olg_item.cpp
# environment
LC_IDENTIFICATION = zh_CN.UTF-8
# environment
QT_ACCESSIBILITY = 1
# makefile (from 'Makefile', line 21)
FLAG = -I./  -I./minisat/  -D __STDC_LIMIT_MACROS -D __STDC_FORMAT_MACROS -fpermissive
# makefile (from 'Makefile', line 8)
SOLVER = minisat/core/Solver.cc aaltasolver.cpp solver.cpp carsolver.cpp 
# default
MAKEFILES := 
# environment
SNAP_COOKIE = beCXO_Tmn0tqDdV5m-z04V-3pMP9a0lxILXmVAQ7CjFkPzhGXCo4
# environment
LC_NUMERIC = zh_CN.UTF-8
# automatic
<F = $(notdir $<)
# makefile (from 'Makefile', line 23)
RELEASEFLAG = -O3
# environment
LC_MEASUREMENT = zh_CN.UTF-8
# environment
SNAP_NAME = code
# environment
LC_ALL = C
# makefile (from 'Makefile', line 10)
CHECKING = ltlfchecker.cpp carchecker.cpp evidence.cpp
# makefile (from 'Makefile', line 22)
DEBUGFLAG = -D DEBUG -g -pg
# environment
GJS_DEBUG_TOPICS = JS ERROR;JS LOG
# automatic
^F = $(notdir $^)
# default
SUFFIXES := 
# environment
SNAP_REEXEC = 
# environment
CHROME_DESKTOP = code-url-handler.desktop
# environment
WINDOWPATH = 2
# default
.INCLUDE_DIRS = /usr/include /usr/local/include /usr/include
# environment
 
make: *** No rule to make target 'all'.  Stop.

GJS_DEBUG_OUTPUT = stderr
# default
.RECIPEPREFIX := 
# environment
LC_ADDRESS = zh_CN.UTF-8
# environment
LANG = C
# environment
VSCODE_PID = 1919
# variable set hash-table stats:
# Load=138/1024=13%, Rehash=0, Collisions=33/179=18%

# Pattern-specific Variable Values

# No pattern-specific variable values.

# Directories

# . (device 2053, inode 843808): 36 files, no impossibilities.

# 36 files, no impossibilities in 1 directories.

# Implicit Rules

# No implicit rules.

# Files

# Not a target:
all:
#  Command line target.
#  Implicit rule search has been done.
#  File does not exist.
#  File has not been updated.

.PHONY: release debug clean
#  Implicit rule search has not been done.
#  Modification time never checked.
#  File has not been updated.

# Not a target:
utility.cpp:
#  Implicit rule search has not been done.
#  Modification time never checked.
#  File has not been updated.

ltlparser/ltllexer.c:
#  Implicit rule search has not been done.
#  Modification time never checked.
#  File has not been updated.
#  recipe to execute (from 'Makefile', line 28):
	ltlparser/grammar/ltllexer.l
	flex ltlparser/grammar/ltllexer.l

# Not a target:
formula/olg_formula.cpp:
#  Implicit rule search has not been done.
#  Modification time never checked.
#  File has not been updated.

# Not a target:
synthesis.cpp:
#  Implicit rule search has not been done.
#  Modification time never checked.
#  File has not been updated.

# Not a target:
Makefile:
#  Implicit rule search has been done.
#  Last modified 2022-07-26 10:23:58.426556208
#  File has been updated.
#  Successfully updated.

# Not a target:
ltlparser/trans.c:
#  Implicit rule search has not been done.
#  Modification time never checked.
#  File has not been updated.

debug: main.cpp ltlfchecker.cpp carchecker.cpp evidence.cpp minisat/core/Solver.cc aaltasolver.cpp solver.cpp carsolver.cpp formula/aalta_formula.cpp formula/olg_formula.cpp formula/olg_item.cpp ltlparser/ltl_formula.c ltlparser/ltllexer.c ltlparser/ltlparser.c ltlparser/trans.c util/utility.cpp utility.cpp synthesis.cpp formula_in_bdd.cpp deps/CUDD-install/lib/libcudd.a
#  Phony target (prerequisite of .PHONY).
#  Implicit rule search has not been done.
#  File does not exist.
#  File has not been updated.
#  recipe to execute (from 'Makefile', line 43):
	$(CC) $(FLAG) $(DEBUGFLAG) $(ALLFILES) -lm -lz -o ltlfsyn

# Not a target:
aaltasolver.cpp:
#  Implicit rule search has not been done.
#  Modification time never checked.
#  File has not been updated.

# Not a target:
main.cpp:
#  Implicit rule search has not been done.
#  Modification time never checked.
#  File has not been updated.

# Not a target:
ltlparser/ltl_formula.c:
#  Implicit rule search has not been done.
#  Modification time never checked.
#  File has not been updated.

# Not a target:
ltlfchecker.cpp:
#  Implicit rule search has not been done.
#  Modification time never checked.
#  File has not been updated.

# Not a target:
util/utility.cpp:
#  Implicit rule search has not been done.
#  Modification time never checked.
#  File has not been updated.

# Not a target:
solver.cpp:
#  Implicit rule search has not been done.
#  Modification time never checked.
#  File has not been updated.

release: main.cpp ltlfchecker.cpp carchecker.cpp evidence.cpp minisat/core/Solver.cc aaltasolver.cpp solver.cpp carsolver.cpp formula/aalta_formula.cpp formula/olg_formula.cpp formula/olg_item.cpp ltlparser/ltl_formula.c ltlparser/ltllexer.c ltlparser/ltlparser.c ltlparser/trans.c util/utility.cpp utility.cpp synthesis.cpp formula_in_bdd.cpp deps/CUDD-install/lib/libcudd.a
#  Phony target (prerequisite of .PHONY).
#  Implicit rule search has not been done.
#  File does not exist.
#  File has not been updated.
#  recipe to execute (from 'Makefile', line 40):
	    $(CC) $(FLAG) $(RELEASEFLAG) $(ALLFILES) -lm -lz -o ltlfsyn

# Not a target:
deps/CUDD-install/lib/libcudd.a:
#  Implicit rule search has not been done.
#  Modification time never checked.
#  File has not been updated.

# Not a target:
.DEFAULT:
#  Implicit rule search has not been done.
#  Modification time never checked.
#  File has not been updated.

# Not a target:
carchecker.cpp:
#  Implicit rule search has not been done.
#  Modification time never checked.
#  File has not been updated.

clean:
#  Phony target (prerequisite of .PHONY).
#  Implicit rule search has not been done.
#  File does not exist.
#  File has not been updated.
#  recipe to execute (from 'Makefile', line 46):
	rm -f *.o *~ ltlfsyn

# Not a target:
formula_in_bdd.cpp:
#  Implicit rule search has not been done.
#  Modification time never checked.
#  File has not been updated.

# Not a target:
evidence.cpp:
#  Implicit rule search has not been done.
#  Modification time never checked.
#  File has not been updated.

ltlfsyn: release
#  Implicit rule search has not been done.
#  Modification time never checked.
#  File has not been updated.

# Not a target:
minisat/core/Solver.cc:
#  Implicit rule search has not been done.
#  Modification time never checked.
#  File has not been updated.

# Not a target:
formula/aalta_formula.cpp:
#  Implicit rule search has not been done.
#  Modification time never checked.
#  File has not been updated.

# Not a target:
carsolver.cpp:
#  Implicit rule search has not been done.
#  Modification time never checked.
#  File has not been updated.

# Not a target:
formula/olg_item.cpp:
#  Implicit rule search has not been done.
#  Modification time never checked.
#  File has not been updated.

ltlparser/ltlparser.c:
#  Implicit rule search has not been done.
#  Modification time never checked.
#  File has not been updated.
#  recipe to execute (from 'Makefile', line 32):
	ltlparser/grammar/ltlparser.y
	bison ltlparser/grammar/ltlparser.y
	
	

# files hash-table stats:
# Load=29/1024=3%, Rehash=0, Collisions=3/86=3%
# VPATH Search Paths

# No 'vpath' search paths.

# No general ('VPATH' variable) search path.

# strcache buffers: 1 (0) / strings = 55 / storage = 689 B / avg = 12 B
# current buf: size = 8162 B / used = 689 B / count = 55 / avg = 12 B

# strcache performance: lookups = 103 / hit rate = 46%
# hash-table stats:
# Load=55/8192=1%, Rehash=0, Collisions=1/103=1%
# Finished Make data base on Tue Jul 26 10:49:33 2022

 
